<?xml version="1.0" encoding="UTF-8"?>
<!-- Generated by org.testng.reporters.JUnitReportReporter -->
<testsuite hostname="abhishek" failures="0" tests="2" name="testScenarios.MouseHover" time="9.688" errors="0" timestamp="2025-07-30T11:25:55 EDT" skipped="0">
  <testcase classname="testScenarios.MouseHover" name="dataPicker" time="3.294"/>
  <testcase classname="testScenarios.MouseHover" name="dragAndDrop" time="6.394"/>
</testsuite> <!-- testScenarios.MouseHover -->
