<?xml version="1.0" encoding="UTF-8"?>
<!-- Generated by org.testng.reporters.JUnitReportReporter -->
<testsuite hostname="abhishek" failures="0" tests="4" name="testScenarios.Yahoo" time="35.595" errors="0" timestamp="2025-07-30T11:25:55 EDT" skipped="1">
  <testcase classname="testScenarios.Yahoo" name="openYahoo" time="32.065"/>
  <testcase classname="testScenarios.Yahoo" name="loginYahoo" time="3.128"/>
  <testcase classname="testScenarios.Yahoo" name="closeYahoo" time="0.402"/>
  <testcase classname="testScenarios.Yahoo" name="loginYahoo1">
    <skipped/>
  </testcase> <!-- loginYahoo1 -->
</testsuite> <!-- testScenarios.Yahoo -->
