<?xml version="1.0" encoding="UTF-8"?>
<!-- Generated by org.testng.reporters.JUnitReportReporter -->
<testsuite hostname="abhishek" failures="0" tests="1" name="testScenarios.HandlingDynData" time="9.741" errors="0" timestamp="2025-07-30T11:25:55 EDT" skipped="0">
  <testcase classname="testScenarios.HandlingDynData" name="dynData" time="9.741"/>
</testsuite> <!-- testScenarios.HandlingDynData -->
