<?xml version="1.0" encoding="UTF-8"?>
<!-- Generated by org.testng.reporters.JUnitReportReporter -->
<testsuite hostname="abhishek" failures="0" tests="3" name="testScenarios.CompareWebTableDAta" time="3.010" errors="0" timestamp="2025-07-30T11:25:55 EDT" skipped="0">
  <testcase classname="testScenarios.CompareWebTableDAta" name="readDataFrmTxt" time="0.002"/>
  <testcase classname="testScenarios.CompareWebTableDAta" name="readDataFrmWT" time="3.006"/>
  <testcase classname="testScenarios.CompareWebTableDAta" name="compare" time="0.002"/>
</testsuite> <!-- testScenarios.CompareWebTableDAta -->
