<?xml version="1.0" encoding="UTF-8"?>
<!-- Generated by org.testng.reporters.JUnitReportReporter -->
<testsuite hostname="abhishek" failures="0" tests="1" name="testScenarios.ThruTextFile" time="0.022" errors="0" timestamp="2025-07-30T11:25:55 EDT" skipped="0">
  <testcase classname="testScenarios.ThruTextFile" name="writeAndreadData" time="0.022"/>
</testsuite> <!-- testScenarios.ThruTextFile -->
