<?xml version="1.0" encoding="UTF-8"?>
<!-- Generated by org.testng.reporters.JUnitReportReporter -->
<testsuite hostname="abhishek" failures="0" tests="1" name="testScenarios.SwitchingWin" time="3.852" errors="0" timestamp="2025-08-03T11:41:20 EDT" skipped="0">
  <testcase classname="testScenarios.SwitchingWin" name="switchWin" time="3.852"/>
</testsuite> <!-- testScenarios.SwitchingWin -->
