<?xml version="1.0" encoding="UTF-8"?>
<!-- Generated by org.testng.reporters.JUnitReportReporter -->
<testsuite hostname="abhishek" failures="0" tests="1" name="testScenarios.ThruTextFile" time="0.020" errors="0" timestamp="2025-08-03T11:41:20 EDT" skipped="0">
  <testcase classname="testScenarios.ThruTextFile" name="writeAndreadData" time="0.020"/>
</testsuite> <!-- testScenarios.ThruTextFile -->
