<?xml version="1.0" encoding="UTF-8"?>
<!-- Generated by org.testng.reporters.JUnitReportReporter -->
<testsuite hostname="abhishek" failures="0" tests="3" name="testScenarios.CompareWebTableDAta" time="3.110" errors="0" timestamp="2025-08-03T11:41:20 EDT" skipped="0">
  <testcase classname="testScenarios.CompareWebTableDAta" name="readDataFrmTxt" time="0.002"/>
  <testcase classname="testScenarios.CompareWebTableDAta" name="readDataFrmWT" time="3.107"/>
  <testcase classname="testScenarios.CompareWebTableDAta" name="compare" time="0.001"/>
</testsuite> <!-- testScenarios.CompareWebTableDAta -->
