<?xml version="1.0" encoding="UTF-8"?>
<!-- Generated by org.testng.reporters.JUnitReportReporter -->
<testsuite hostname="abhishek" failures="0" tests="2" name="testScenarios.MouseHover" time="9.386" errors="0" timestamp="2025-08-03T11:41:20 EDT" skipped="0">
  <testcase classname="testScenarios.MouseHover" name="dragAndDrop" time="6.672"/>
  <testcase classname="testScenarios.MouseHover" name="dataPicker" time="2.714"/>
</testsuite> <!-- testScenarios.MouseHover -->
