<?xml version="1.0" encoding="UTF-8"?>
<!-- Generated by org.testng.reporters.JUnitReportReporter -->
<testsuite hostname="abhishek" failures="0" tests="4" name="testScenarios.Yahoo" time="10.395" errors="0" timestamp="2025-08-03T11:41:20 EDT" skipped="1">
  <testcase classname="testScenarios.Yahoo" name="openYahoo" time="6.689"/>
  <testcase classname="testScenarios.Yahoo" name="loginYahoo" time="3.145"/>
  <testcase classname="testScenarios.Yahoo" name="closeYahoo" time="0.561"/>
  <testcase classname="testScenarios.Yahoo" name="loginYahoo1">
    <skipped/>
  </testcase> <!-- loginYahoo1 -->
</testsuite> <!-- testScenarios.Yahoo -->
